<?xml version="1.0" encoding="UTF-8"?>
<!-- Generated by org.testng.reporters.JUnitXMLReporter -->
<testsuite hostname="Lohith" ignored="0" name="Surefire test" tests="4" failures="0" timestamp="2022-05-26T23:09:04 IST" time="0.11" errors="0">
  <testcase name="tc0" time="0.009" classname="Demo.Test0"/>
  <testcase name="tset1" time="0.001" classname="Demo.Test1"/>
  <testcase name="test2" time="0.0" classname="Demo.Test2"/>
  <testcase name="tc3" time="0.0" classname="Demo.Test3"/>
</testsuite> <!-- Surefire test -->
