<?xml version="1.0" encoding="UTF-8"?>
<testng-results ignored="0" total="1" passed="1" failed="0" skipped="0">
  <reporter-output>
    <line>
      <![CDATA[c#]]>
    </line>
  </reporter-output>
  <suite started-at="2022-05-04T21:03:35 IST" name="Default suite" finished-at="2022-05-04T21:03:35 IST" duration-ms="132">
    <groups>
    </groups>
    <test started-at="2022-05-04T21:03:35 IST" name="Default test" finished-at="2022-05-04T21:03:35 IST" duration-ms="132">
      <class name="Demo.Test1">
        <test-method signature="tset1()[pri:0, instance:Demo.Test1@1b6e1eff]" started-at="2022-05-04T21:03:35 IST" name="tset1" finished-at="2022-05-04T21:03:35 IST" duration-ms="35" status="PASS">
          <reporter-output>
            <line>
              <![CDATA[c#]]>
            </line>
          </reporter-output>
        </test-method> <!-- tset1 -->
      </class> <!-- Demo.Test1 -->
    </test> <!-- Default test -->
  </suite> <!-- Default suite -->
</testng-results>
